app/build/intermediates/manifest_merge_blame_file/debug/manifest-merger-blame-debug-report.txt
1<?xml version="1.0" encoding="utf-8"?>
2<manifest xmlns:android="http://schemas.android.com/apk/res/android"
3    package="com.smartone.app"
4    android:versionCode="1"
5    android:versionName="1.0" >
6
7    <uses-sdk
8        android:minSdkVersion="26"
9        android:targetSdkVersion="34" />
10
11    <uses-permission android:name="android.permission.INTERNET" />
11-->src/main/AndroidManifest.xml:4:5-67
11-->src/main/AndroidManifest.xml:4:22-64
12    <uses-permission android:name="android.permission.ACCESS_NETWORK_STATE" />
12-->src/main/AndroidManifest.xml:5:5-79
12-->src/main/AndroidManifest.xml:5:22-76
13    <uses-permission
13-->src/main/AndroidManifest.xml:6:5-7:38
14        android:name="android.permission.READ_EXTERNAL_STORAGE"
14-->src/main/AndroidManifest.xml:6:22-77
15        android:maxSdkVersion="32" />
15-->src/main/AndroidManifest.xml:7:9-35
16
17    <permission
17-->[androidx.core:core:1.13.0] AndroidManifest.xml:22:5-24:47
18        android:name="com.smartone.app.DYNAMIC_RECEIVER_NOT_EXPORTED_PERMISSION"
18-->[androidx.core:core:1.13.0] AndroidManifest.xml:23:9-81
19        android:protectionLevel="signature" />
19-->[androidx.core:core:1.13.0] AndroidManifest.xml:24:9-44
20
21    <uses-permission android:name="com.smartone.app.DYNAMIC_RECEIVER_NOT_EXPORTED_PERMISSION" />
21-->[androidx.core:core:1.13.0] AndroidManifest.xml:26:5-97
21-->[androidx.core:core:1.13.0] AndroidManifest.xml:26:22-94
22
23    <application
23-->src/main/AndroidManifest.xml:9:5-51:19
24        android:name="com.smartone.app.SmartOneApplication"
24-->src/main/AndroidManifest.xml:10:9-44
25        android:allowBackup="true"
25-->src/main/AndroidManifest.xml:11:9-35
26        android:appComponentFactory="androidx.core.app.CoreComponentFactory"
26-->[androidx.core:core:1.13.0] AndroidManifest.xml:28:18-86
27        android:debuggable="true"
28        android:extractNativeLibs="false"
29        android:icon="@mipmap/ic_launcher"
29-->src/main/AndroidManifest.xml:12:9-43
30        android:label="@string/app_name"
30-->src/main/AndroidManifest.xml:13:9-41
31        android:roundIcon="@mipmap/ic_launcher_round"
31-->src/main/AndroidManifest.xml:14:9-54
32        android:supportsRtl="true"
32-->src/main/AndroidManifest.xml:15:9-35
33        android:theme="@style/Theme.SmartOne"
33-->src/main/AndroidManifest.xml:16:9-46
34        android:usesCleartextTraffic="false" >
34-->src/main/AndroidManifest.xml:17:9-45
35        <activity
35-->src/main/AndroidManifest.xml:19:9-27:20
36            android:name="com.smartone.app.MainActivity"
36-->src/main/AndroidManifest.xml:20:13-41
37            android:exported="true"
37-->src/main/AndroidManifest.xml:21:13-36
38            android:windowSoftInputMode="adjustResize" >
38-->src/main/AndroidManifest.xml:22:13-55
39            <intent-filter>
39-->src/main/AndroidManifest.xml:23:13-26:29
40                <action android:name="android.intent.action.MAIN" />
40-->src/main/AndroidManifest.xml:24:17-69
40-->src/main/AndroidManifest.xml:24:25-66
41
42                <category android:name="android.intent.category.LAUNCHER" />
42-->src/main/AndroidManifest.xml:25:17-77
42-->src/main/AndroidManifest.xml:25:27-74
43            </intent-filter>
44        </activity>
45        <activity
45-->src/main/AndroidManifest.xml:29:9-33:58
46            android:name="com.smartone.app.ui.viewer.JsonViewerActivity"
46-->src/main/AndroidManifest.xml:30:13-57
47            android:exported="false"
47-->src/main/AndroidManifest.xml:31:13-37
48            android:parentActivityName="com.smartone.app.MainActivity"
48-->src/main/AndroidManifest.xml:33:13-55
49            android:windowSoftInputMode="adjustResize" />
49-->src/main/AndroidManifest.xml:32:13-55
50        <activity
50-->src/main/AndroidManifest.xml:35:9-38:58
51            android:name="com.smartone.app.ui.history.HistoryActivity"
51-->src/main/AndroidManifest.xml:36:13-55
52            android:exported="false"
52-->src/main/AndroidManifest.xml:37:13-37
53            android:parentActivityName="com.smartone.app.MainActivity" />
53-->src/main/AndroidManifest.xml:38:13-55
54        <activity
54-->src/main/AndroidManifest.xml:40:9-44:58
55            android:name="com.smartone.app.ui.chat.AiChatActivity"
55-->src/main/AndroidManifest.xml:41:13-51
56            android:exported="false"
56-->src/main/AndroidManifest.xml:42:13-37
57            android:parentActivityName="com.smartone.app.MainActivity"
57-->src/main/AndroidManifest.xml:44:13-55
58            android:windowSoftInputMode="adjustResize" />
58-->src/main/AndroidManifest.xml:43:13-55
59        <activity
59-->src/main/AndroidManifest.xml:46:9-49:58
60            android:name="com.smartone.app.ui.settings.SettingsActivity"
60-->src/main/AndroidManifest.xml:47:13-57
61            android:exported="false"
61-->src/main/AndroidManifest.xml:48:13-37
62            android:parentActivityName="com.smartone.app.MainActivity" />
62-->src/main/AndroidManifest.xml:49:13-55
63
64        <provider
64-->[androidx.emoji2:emoji2:1.3.0] AndroidManifest.xml:24:9-32:20
65            android:name="androidx.startup.InitializationProvider"
65-->[androidx.emoji2:emoji2:1.3.0] AndroidManifest.xml:25:13-67
66            android:authorities="com.smartone.app.androidx-startup"
66-->[androidx.emoji2:emoji2:1.3.0] AndroidManifest.xml:26:13-68
67            android:exported="false" >
67-->[androidx.emoji2:emoji2:1.3.0] AndroidManifest.xml:27:13-37
68            <meta-data
68-->[androidx.emoji2:emoji2:1.3.0] AndroidManifest.xml:29:13-31:52
69                android:name="androidx.emoji2.text.EmojiCompatInitializer"
69-->[androidx.emoji2:emoji2:1.3.0] AndroidManifest.xml:30:17-75
70                android:value="androidx.startup" />
70-->[androidx.emoji2:emoji2:1.3.0] AndroidManifest.xml:31:17-49
71            <meta-data
71-->[androidx.lifecycle:lifecycle-process:2.8.3] AndroidManifest.xml:29:13-31:52
72                android:name="androidx.lifecycle.ProcessLifecycleInitializer"
72-->[androidx.lifecycle:lifecycle-process:2.8.3] AndroidManifest.xml:30:17-78
73                android:value="androidx.startup" />
73-->[androidx.lifecycle:lifecycle-process:2.8.3] AndroidManifest.xml:31:17-49
74            <meta-data
74-->[androidx.profileinstaller:profileinstaller:1.3.1] AndroidManifest.xml:29:13-31:52
75                android:name="androidx.profileinstaller.ProfileInstallerInitializer"
75-->[androidx.profileinstaller:profileinstaller:1.3.1] AndroidManifest.xml:30:17-85
76                android:value="androidx.startup" />
76-->[androidx.profileinstaller:profileinstaller:1.3.1] AndroidManifest.xml:31:17-49
77        </provider>
78
79        <service
79-->[androidx.room:room-runtime:2.6.1] AndroidManifest.xml:24:9-28:63
80            android:name="androidx.room.MultiInstanceInvalidationService"
80-->[androidx.room:room-runtime:2.6.1] AndroidManifest.xml:25:13-74
81            android:directBootAware="true"
81-->[androidx.room:room-runtime:2.6.1] AndroidManifest.xml:26:13-43
82            android:exported="false" />
82-->[androidx.room:room-runtime:2.6.1] AndroidManifest.xml:27:13-37
83
84        <receiver
84-->[androidx.profileinstaller:profileinstaller:1.3.1] AndroidManifest.xml:34:9-52:20
85            android:name="androidx.profileinstaller.ProfileInstallReceiver"
85-->[androidx.profileinstaller:profileinstaller:1.3.1] AndroidManifest.xml:35:13-76
86            android:directBootAware="false"
86-->[androidx.profileinstaller:profileinstaller:1.3.1] AndroidManifest.xml:36:13-44
87            android:enabled="true"
87-->[androidx.profileinstaller:profileinstaller:1.3.1] AndroidManifest.xml:37:13-35
88            android:exported="true"
88-->[androidx.profileinstaller:profileinstaller:1.3.1] AndroidManifest.xml:38:13-36
89            android:permission="android.permission.DUMP" >
89-->[androidx.profileinstaller:profileinstaller:1.3.1] AndroidManifest.xml:39:13-57
90            <intent-filter>
90-->[androidx.profileinstaller:profileinstaller:1.3.1] AndroidManifest.xml:40:13-42:29
91                <action android:name="androidx.profileinstaller.action.INSTALL_PROFILE" />
91-->[androidx.profileinstaller:profileinstaller:1.3.1] AndroidManifest.xml:41:17-91
91-->[androidx.profileinstaller:profileinstaller:1.3.1] AndroidManifest.xml:41:25-88
92            </intent-filter>
93            <intent-filter>
93-->[androidx.profileinstaller:profileinstaller:1.3.1] AndroidManifest.xml:43:13-45:29
94                <action android:name="androidx.profileinstaller.action.SKIP_FILE" />
94-->[androidx.profileinstaller:profileinstaller:1.3.1] AndroidManifest.xml:44:17-85
94-->[androidx.profileinstaller:profileinstaller:1.3.1] AndroidManifest.xml:44:25-82
95            </intent-filter>
96            <intent-filter>
96-->[androidx.profileinstaller:profileinstaller:1.3.1] AndroidManifest.xml:46:13-48:29
97                <action android:name="androidx.profileinstaller.action.SAVE_PROFILE" />
97-->[androidx.profileinstaller:profileinstaller:1.3.1] AndroidManifest.xml:47:17-88
97-->[androidx.profileinstaller:profileinstaller:1.3.1] AndroidManifest.xml:47:25-85
98            </intent-filter>
99            <intent-filter>
99-->[androidx.profileinstaller:profileinstaller:1.3.1] AndroidManifest.xml:49:13-51:29
100                <action android:name="androidx.profileinstaller.action.BENCHMARK_OPERATION" />
100-->[androidx.profileinstaller:profileinstaller:1.3.1] AndroidManifest.xml:50:17-95
100-->[androidx.profileinstaller:profileinstaller:1.3.1] AndroidManifest.xml:50:25-92
101            </intent-filter>
102        </receiver>
103    </application>
104
105</manifest>